Сборка начата 05.03.2024 20:16:07.
Уровень детализации журнала: Normal.     1>Проект "D:\БГТУ\лабы\МатПрог\3\MP2\MP2\MP2.vcxproj" в узле 2 (целевые объекты Build).
     1>InitializeBuildStatus:
         Создание "Debug\MP2.tlog\unsuccessfulbuild", так как было задано "AlwaysCreate".
       ClCompile:
         C:\Program Files\Microsoft Visual Studio\2022\Community\VC\Tools\MSVC\14.33.31629\bin\HostX86\x86\CL.exe /c /ZI /JMC /nologo /W3 /WX- /diagnostics:column /sdl /Od /Oy- /D WIN32 /D _DEBUG /D _CONSOLE /D _UNICODE /D UNICODE /Gm- /EHsc /RTC1 /MDd /GS /fp:precise /Zc:wchar_t /Zc:forScope /Zc:inline /permissive- /Fo"Debug\\" /Fd"Debug\vc143.pdb" /external:W3 /Gd /TP /analyze- /FC /errorReport:prompt Combi.cpp Salesman.cpp Source.cpp
         Combi.cpp
         Salesman.cpp
     1>D:\БГТУ\лабы\МатПрог\3\MP2\MP2\Salesman.cpp(42,11): warning C4244: инициализация: преобразование "__int64" в "int", возможна потеря данных
     1>D:\БГТУ\лабы\МатПрог\3\MP2\MP2\Salesman.cpp(50,22): warning C4244: =: преобразование "__int64" в "int", возможна потеря данных
         Source.cpp
         Создание кода...
       Link:
         C:\Program Files\Microsoft Visual Studio\2022\Community\VC\Tools\MSVC\14.33.31629\bin\HostX86\x86\link.exe /ERRORREPORT:PROMPT /OUT:"D:\БГТУ\лабы\МатПрог\3\MP2\Debug\MP2.exe" /INCREMENTAL /ILK:"Debug\MP2.ilk" /NOLOGO kernel32.lib user32.lib gdi32.lib winspool.lib comdlg32.lib advapi32.lib shell32.lib ole32.lib oleaut32.lib uuid.lib odbc32.lib odbccp32.lib /MANIFEST /MANIFESTUAC:"level='asInvoker' uiAccess='false'" /manifest:embed /DEBUG /PDB:"D:\БГТУ\лабы\МатПрог\3\MP2\Debug\MP2.pdb" /SUBSYSTEM:CONSOLE /TLBID:1 /DYNAMICBASE /NXCOMPAT /IMPLIB:"D:\БГТУ\лабы\МатПрог\3\MP2\Debug\MP2.lib" /MACHINE:X86 Debug\Combi.obj
         Debug\Salesman.obj
         Debug\Source.obj
         MP2.vcxproj -> D:\БГТУ\лабы\МатПрог\3\MP2\Debug\MP2.exe
       FinalizeBuildStatus:
         Файл "Debug\MP2.tlog\unsuccessfulbuild" удаляется.
         Обращение к "Debug\MP2.tlog\MP2.lastbuildstate".
     1>Сборка проекта "D:\БГТУ\лабы\МатПрог\3\MP2\MP2\MP2.vcxproj" завершена (целевые объекты Build).

Сборка успешно завершена.

       "D:\БГТУ\лабы\МатПрог\3\MP2\MP2\MP2.vcxproj" (целевой объект Build ) (1) ->
       (Целевой объект ClCompile) -> 
         D:\БГТУ\лабы\МатПрог\3\MP2\MP2\Salesman.cpp(42,11): warning C4244: инициализация: преобразование "__int64" в "int", возможна потеря данных
         D:\БГТУ\лабы\МатПрог\3\MP2\MP2\Salesman.cpp(50,22): warning C4244: =: преобразование "__int64" в "int", возможна потеря данных

    Предупреждений: 2
    Ошибок: 0

Прошло времени 00:00:04.03
