Сборка начата 06.02.2024 20:25:58.
Уровень детализации журнала: Normal.     1>Проект "D:\БГТУ\лабы\МатПрог\1\1\1.vcxproj" в узле 2 (целевые объекты Build).
     1>InitializeBuildStatus:
         Обращение к "x64\Debug\1.tlog\unsuccessfulbuild".
       ClCompile:
         Для всех выходных данных обновления не требуется.
       Link:
         C:\Program Files\Microsoft Visual Studio\2022\Community\VC\Tools\MSVC\14.33.31629\bin\HostX64\x64\link.exe /ERRORREPORT:PROMPT /OUT:"D:\БГТУ\лабы\МатПрог\1\x64\Debug\1.exe" /INCREMENTAL /ILK:"x64\Debug\1.ilk" /NOLOGO kernel32.lib user32.lib gdi32.lib winspool.lib comdlg32.lib advapi32.lib shell32.lib ole32.lib oleaut32.lib uuid.lib odbc32.lib odbccp32.lib /MANIFEST /MANIFESTUAC:"level='asInvoker' uiAccess='false'" /manifest:embed /DEBUG /PDB:"D:\БГТУ\лабы\МатПрог\1\x64\Debug\1.pdb" /SUBSYSTEM:CONSOLE /TLBID:1 /DYNAMICBASE /NXCOMPAT /IMPLIB:"D:\БГТУ\лабы\МатПрог\1\x64\Debug\1.lib" /MACHINE:X64 x64\Debug\1.obj
         x64\Debug\Auxil.obj
         x64\Debug\Fact.obj
         x64\Debug\pch.obj
     1>LINK : fatal error LNK1104: не удается открыть файл "D:\БГТУ\лабы\МатПрог\1\x64\Debug\1.exe"
     1>Сборка проекта "D:\БГТУ\лабы\МатПрог\1\1\1.vcxproj" завершена (целевые объекты Build) с ошибкой.

Ошибка сборки.

       "D:\БГТУ\лабы\МатПрог\1\1\1.vcxproj" (целевой объект Build ) (1) ->
       (Целевой объект Link) -> 
         LINK : fatal error LNK1104: не удается открыть файл "D:\БГТУ\лабы\МатПрог\1\x64\Debug\1.exe"

    Предупреждений: 0
    Ошибок: 1

Прошло времени 00:00:00.55
