Сборка начата 12.03.2024 20:12:07.
Уровень детализации журнала: Normal.     1>Проект "D:\БГТУ\лабы\МатПрог\2\1\1\1.vcxproj" в узле 2 (целевые объекты Build).
     1>InitializeBuildStatus:
         Создание "x64\Debug\1.tlog\unsuccessfulbuild", так как было задано "AlwaysCreate".
       ClCompile:
         C:\Program Files\Microsoft Visual Studio\2022\Community\VC\Tools\MSVC\14.33.31629\bin\HostX64\x64\CL.exe /c /ZI /JMC /nologo /W3 /WX- /diagnostics:column /sdl /Od /D _DEBUG /D _CONSOLE /D _UNICODE /D UNICODE /Gm- /EHsc /RTC1 /MDd /GS /fp:precise /Zc:wchar_t /Zc:forScope /Zc:inline /permissive- /Fo"x64\Debug\\" /Fd"x64\Debug\vc143.pdb" /external:W3 /Gd /TP /FC /errorReport:prompt 1.cpp
         1.cpp
     1>D:\БГТУ\лабы\МатПрог\2\1\1\1.cpp(150,15): warning C4244: аргумент: преобразование "time_t" в "unsigned int", возможна потеря данных
       Link:
         C:\Program Files\Microsoft Visual Studio\2022\Community\VC\Tools\MSVC\14.33.31629\bin\HostX64\x64\link.exe /ERRORREPORT:PROMPT /OUT:"D:\БГТУ\лабы\МатПрог\2\1\x64\Debug\1.exe" /INCREMENTAL /ILK:"x64\Debug\1.ilk" /NOLOGO kernel32.lib user32.lib gdi32.lib winspool.lib comdlg32.lib advapi32.lib shell32.lib ole32.lib oleaut32.lib uuid.lib odbc32.lib odbccp32.lib /MANIFEST /MANIFESTUAC:"level='asInvoker' uiAccess='false'" /manifest:embed /DEBUG /PDB:"D:\БГТУ\лабы\МатПрог\2\1\x64\Debug\1.pdb" /SUBSYSTEM:CONSOLE /TLBID:1 /DYNAMICBASE /NXCOMPAT /IMPLIB:"D:\БГТУ\лабы\МатПрог\2\1\x64\Debug\1.lib" /MACHINE:X64 x64\Debug\1.obj
         x64\Debug\Combi.obj
         x64\Debug\Combi2.obj
         x64\Debug\Combi3.obj
         x64\Debug\Combi4.obj
         x64\Debug\Rukzak.obj
         1.vcxproj -> D:\БГТУ\лабы\МатПрог\2\1\x64\Debug\1.exe
       FinalizeBuildStatus:
         Файл "x64\Debug\1.tlog\unsuccessfulbuild" удаляется.
         Обращение к "x64\Debug\1.tlog\1.lastbuildstate".
     1>Сборка проекта "D:\БГТУ\лабы\МатПрог\2\1\1\1.vcxproj" завершена (целевые объекты Build).

Сборка успешно завершена.

       "D:\БГТУ\лабы\МатПрог\2\1\1\1.vcxproj" (целевой объект Build ) (1) ->
       (Целевой объект ClCompile) -> 
         D:\БГТУ\лабы\МатПрог\2\1\1\1.cpp(150,15): warning C4244: аргумент: преобразование "time_t" в "unsigned int", возможна потеря данных

    Предупреждений: 1
    Ошибок: 0

Прошло времени 00:00:00.82
